0 info it worked if it ends with ok
1 verbose cli [ '/usr/local/Cellar/node/7.2.1/bin/node',
1 verbose cli   '/usr/local/bin/npm',
1 verbose cli   'start' ]
2 info using npm@3.10.9
3 info using node@v7.2.1
4 verbose run-script [ 'prestart', 'start', 'poststart' ]
5 info lifecycle easy-iat@1.0.0~prestart: easy-iat@1.0.0
6 silly lifecycle easy-iat@1.0.0~prestart: no script for prestart, continuing
7 info lifecycle easy-iat@1.0.0~start: easy-iat@1.0.0
8 verbose lifecycle easy-iat@1.0.0~start: unsafe-perm in lifecycle true
9 verbose lifecycle easy-iat@1.0.0~start: PATH: /usr/local/lib/node_modules/npm/bin/node-gyp-bin:/Users/ioh/www/implicit-association-test/node_modules/.bin:/usr/local/Cellar/node/7.2.1/bin:/Users/ioh/.rbenv/shims:/usr/local/git/bin:/sw/bin:/usr/local/bin:/usr/local:/usr/local/sbin:/usr/local/mysql/bin:/usr/local/bin:/usr/bin:/bin:/usr/sbin:/sbin
10 verbose lifecycle easy-iat@1.0.0~start: CWD: /Users/ioh/www/implicit-association-test
11 silly lifecycle easy-iat@1.0.0~start: Args: [ '-c', 'nodejs --use_strict index.js' ]
12 info lifecycle easy-iat@1.0.0~start: Failed to exec start script
13 verbose stack Error: easy-iat@1.0.0 start: `nodejs --use_strict index.js`
13 verbose stack spawn ENOENT
13 verbose stack     at ChildProcess.<anonymous> (/usr/local/lib/node_modules/npm/lib/utils/spawn.js:33:16)
13 verbose stack     at emitTwo (events.js:106:13)
13 verbose stack     at ChildProcess.emit (events.js:191:7)
13 verbose stack     at maybeClose (internal/child_process.js:885:16)
13 verbose stack     at Process.ChildProcess._handle.onexit (internal/child_process.js:226:5)
14 verbose pkgid easy-iat@1.0.0
15 verbose cwd /Users/ioh/www/implicit-association-test
16 error Darwin 15.6.0
17 error argv "/usr/local/Cellar/node/7.2.1/bin/node" "/usr/local/bin/npm" "start"
18 error node v7.2.1
19 error npm  v3.10.9
20 error file sh
21 error code ELIFECYCLE
22 error errno ENOENT
23 error syscall spawn
24 error easy-iat@1.0.0 start: `nodejs --use_strict index.js`
24 error spawn ENOENT
25 error Failed at the easy-iat@1.0.0 start script 'nodejs --use_strict index.js'.
25 error Make sure you have the latest version of node.js and npm installed.
25 error If you do, this is most likely a problem with the easy-iat package,
25 error not with npm itself.
25 error Tell the author that this fails on your system:
25 error     nodejs --use_strict index.js
25 error You can get information on how to open an issue for this project with:
25 error     npm bugs easy-iat
25 error Or if that isn't available, you can get their info via:
25 error     npm owner ls easy-iat
25 error There is likely additional logging output above.
26 verbose exit [ 1, true ]
